{"/Users/rfranks/Developer/Code/tic-tac-react/src/components/BarChart/BarChart.js": {"path":"/Users/rfranks/Developer/Code/tic-tac-react/src/components/BarChart/BarChart.js","statementMap":{"0":{"start":{"line":11,"column":17},"end":{"line":100,"column":1}},"1":{"start":{"line":12,"column":16},"end":{"line":12,"column":28}},"2":{"start":{"line":14,"column":17},"end":{"line":14,"column":59}},"3":{"start":{"line":15,"column":16},"end":{"line":15,"column":48}},"4":{"start":{"line":16,"column":17},"end":{"line":16,"column":49}},"5":{"start":{"line":17,"column":16},"end":{"line":17,"column":60}},"6":{"start":{"line":19,"column":2},"end":{"line":89,"column":5}},"7":{"start":{"line":20,"column":4},"end":{"line":77,"column":5}},"8":{"start":{"line":21,"column":16},"end":{"line":21,"column":37}},"9":{"start":{"line":24,"column":19},"end":{"line":24,"column":46}},"10":{"start":{"line":24,"column":36},"end":{"line":24,"column":45}},"11":{"start":{"line":26,"column":21},"end":{"line":26,"column":70}},"12":{"start":{"line":28,"column":21},"end":{"line":31,"column":27}},"13":{"start":{"line":29,"column":32},"end":{"line":29,"column":41}},"14":{"start":{"line":34,"column":6},"end":{"line":36,"column":71}},"15":{"start":{"line":39,"column":6},"end":{"line":47,"column":7}},"16":{"start":{"line":40,"column":8},"end":{"line":46,"column":23}},"17":{"start":{"line":50,"column":6},"end":{"line":61,"column":11}},"18":{"start":{"line":56,"column":26},"end":{"line":56,"column":43}},"19":{"start":{"line":57,"column":30},"end":{"line":57,"column":47}},"20":{"start":{"line":60,"column":10},"end":{"line":60,"column":30}},"21":{"start":{"line":64,"column":20},"end":{"line":64,"column":38}},"22":{"start":{"line":65,"column":6},"end":{"line":69,"column":21}},"23":{"start":{"line":71,"column":20},"end":{"line":71,"column":48}},"24":{"start":{"line":72,"column":6},"end":{"line":76,"column":21}},"25":{"start":{"line":91,"column":2},"end":{"line":99,"column":4}},"26":{"start":{"line":102,"column":0},"end":{"line":106,"column":2}},"27":{"start":{"line":108,"column":0},"end":{"line":118,"column":2}}},"fnMap":{"0":{"name":"(anonymous_0)","decl":{"start":{"line":11,"column":17},"end":{"line":11,"column":18}},"loc":{"start":{"line":11,"column":52},"end":{"line":100,"column":1}},"line":11},"1":{"name":"(anonymous_1)","decl":{"start":{"line":19,"column":12},"end":{"line":19,"column":13}},"loc":{"start":{"line":19,"column":18},"end":{"line":78,"column":3}},"line":19},"2":{"name":"(anonymous_2)","decl":{"start":{"line":24,"column":29},"end":{"line":24,"column":30}},"loc":{"start":{"line":24,"column":36},"end":{"line":24,"column":45}},"line":24},"3":{"name":"(anonymous_3)","decl":{"start":{"line":29,"column":25},"end":{"line":29,"column":26}},"loc":{"start":{"line":29,"column":32},"end":{"line":29,"column":41}},"line":29},"4":{"name":"(anonymous_4)","decl":{"start":{"line":56,"column":19},"end":{"line":56,"column":20}},"loc":{"start":{"line":56,"column":26},"end":{"line":56,"column":43}},"line":56},"5":{"name":"(anonymous_5)","decl":{"start":{"line":57,"column":23},"end":{"line":57,"column":24}},"loc":{"start":{"line":57,"column":30},"end":{"line":57,"column":47}},"line":57},"6":{"name":"callback","decl":{"start":{"line":59,"column":32},"end":{"line":59,"column":40}},"loc":{"start":{"line":59,"column":47},"end":{"line":61,"column":9}},"line":59}},"branchMap":{"0":{"loc":{"start":{"line":20,"column":4},"end":{"line":77,"column":5}},"type":"if","locations":[{"start":{"line":20,"column":4},"end":{"line":77,"column":5}},{"start":{"line":20,"column":4},"end":{"line":77,"column":5}}],"line":20},"1":{"loc":{"start":{"line":20,"column":8},"end":{"line":20,"column":29}},"type":"binary-expr","locations":[{"start":{"line":20,"column":8},"end":{"line":20,"column":12}},{"start":{"line":20,"column":16},"end":{"line":20,"column":29}}],"line":20},"2":{"loc":{"start":{"line":39,"column":6},"end":{"line":47,"column":7}},"type":"if","locations":[{"start":{"line":39,"column":6},"end":{"line":47,"column":7}},{"start":{"line":39,"column":6},"end":{"line":47,"column":7}}],"line":39}},"s":{"0":1,"1":0,"2":0,"3":0,"4":0,"5":0,"6":0,"7":0,"8":0,"9":0,"10":0,"11":0,"12":0,"13":0,"14":0,"15":0,"16":0,"17":0,"18":0,"19":0,"20":0,"21":0,"22":0,"23":0,"24":0,"25":0,"26":1,"27":1},"f":{"0":0,"1":0,"2":0,"3":0,"4":0,"5":0,"6":0},"b":{"0":[0,0],"1":[0,0],"2":[0,0]},"_coverageSchema":"43e27e138ebf9cfc5966b082cf9a028302ed4184","hash":"b0cbadd44ba56de36f8a85832c7a632080c393cb"}
,"/Users/rfranks/Developer/Code/tic-tac-react/src/components/Board/Board.js": {"path":"/Users/rfranks/Developer/Code/tic-tac-react/src/components/Board/Board.js","statementMap":{"0":{"start":{"line":8,"column":14},"end":{"line":51,"column":1}},"1":{"start":{"line":9,"column":15},"end":{"line":9,"column":20}},"2":{"start":{"line":11,"column":15},"end":{"line":15,"column":3}},"3":{"start":{"line":17,"column":28},"end":{"line":22,"column":3}},"4":{"start":{"line":19,"column":4},"end":{"line":21,"column":5}},"5":{"start":{"line":20,"column":6},"end":{"line":20,"column":30}},"6":{"start":{"line":24,"column":2},"end":{"line":50,"column":4}},"7":{"start":{"line":27,"column":26},"end":{"line":27,"column":31}},"8":{"start":{"line":29,"column":8},"end":{"line":47,"column":10}},"9":{"start":{"line":32,"column":40},"end":{"line":32,"column":57}},"10":{"start":{"line":34,"column":14},"end":{"line":34,"column":41}},"11":{"start":{"line":36,"column":14},"end":{"line":44,"column":16}},"12":{"start":{"line":53,"column":0},"end":{"line":61,"column":2}}},"fnMap":{"0":{"name":"(anonymous_0)","decl":{"start":{"line":8,"column":14},"end":{"line":8,"column":15}},"loc":{"start":{"line":8,"column":44},"end":{"line":51,"column":1}},"line":8},"1":{"name":"(anonymous_1)","decl":{"start":{"line":17,"column":28},"end":{"line":17,"column":29}},"loc":{"start":{"line":17,"column":42},"end":{"line":22,"column":3}},"line":17},"2":{"name":"(anonymous_2)","decl":{"start":{"line":26,"column":16},"end":{"line":26,"column":17}},"loc":{"start":{"line":26,"column":32},"end":{"line":48,"column":7}},"line":26},"3":{"name":"(anonymous_3)","decl":{"start":{"line":31,"column":21},"end":{"line":31,"column":22}},"loc":{"start":{"line":31,"column":35},"end":{"line":45,"column":13}},"line":31}},"branchMap":{"0":{"loc":{"start":{"line":19,"column":4},"end":{"line":21,"column":5}},"type":"if","locations":[{"start":{"line":19,"column":4},"end":{"line":21,"column":5}},{"start":{"line":19,"column":4},"end":{"line":21,"column":5}}],"line":19},"1":{"loc":{"start":{"line":34,"column":23},"end":{"line":34,"column":40}},"type":"binary-expr","locations":[{"start":{"line":34,"column":23},"end":{"line":34,"column":29}},{"start":{"line":34,"column":33},"end":{"line":34,"column":40}}],"line":34}},"s":{"0":2,"1":1,"2":1,"3":1,"4":9,"5":9,"6":1,"7":3,"8":3,"9":9,"10":9,"11":9,"12":2},"f":{"0":1,"1":9,"2":3,"3":9},"b":{"0":[9,0],"1":[9,9]},"_coverageSchema":"43e27e138ebf9cfc5966b082cf9a028302ed4184","hash":"359166bb5086095d1a8574f65904996cdbf89e71"}
,"/Users/rfranks/Developer/Code/tic-tac-react/src/components/Game/Game.js": {"path":"/Users/rfranks/Developer/Code/tic-tac-react/src/components/Game/Game.js","statementMap":{"0":{"start":{"line":23,"column":31},"end":{"line":57,"column":1}},"1":{"start":{"line":24,"column":15},"end":{"line":24,"column":19}},"2":{"start":{"line":26,"column":23},"end":{"line":35,"column":3}},"3":{"start":{"line":37,"column":2},"end":{"line":54,"column":5}},"4":{"start":{"line":38,"column":22},"end":{"line":38,"column":26}},"5":{"start":{"line":40,"column":4},"end":{"line":53,"column":5}},"6":{"start":{"line":46,"column":6},"end":{"line":46,"column":32}},"7":{"start":{"line":48,"column":6},"end":{"line":48,"column":32}},"8":{"start":{"line":50,"column":6},"end":{"line":50,"column":32}},"9":{"start":{"line":52,"column":6},"end":{"line":52,"column":33}},"10":{"start":{"line":56,"column":2},"end":{"line":56,"column":16}},"11":{"start":{"line":59,"column":27},"end":{"line":61,"column":1}},"12":{"start":{"line":60,"column":2},"end":{"line":60,"column":51}},"13":{"start":{"line":63,"column":29},"end":{"line":65,"column":1}},"14":{"start":{"line":64,"column":2},"end":{"line":64,"column":50}},"15":{"start":{"line":67,"column":30},"end":{"line":69,"column":1}},"16":{"start":{"line":68,"column":2},"end":{"line":68,"column":43}},"17":{"start":{"line":71,"column":21},"end":{"line":76,"column":1}},"18":{"start":{"line":72,"column":2},"end":{"line":75,"column":4}},"19":{"start":{"line":79,"column":28},"end":{"line":79,"column":40}},"20":{"start":{"line":81,"column":15},"end":{"line":85,"column":4}},"21":{"start":{"line":87,"column":18},"end":{"line":104,"column":3}},"22":{"start":{"line":88,"column":22},"end":{"line":90,"column":5}},"23":{"start":{"line":92,"column":4},"end":{"line":97,"column":5}},"24":{"start":{"line":92,"column":17},"end":{"line":92,"column":18}},"25":{"start":{"line":93,"column":6},"end":{"line":96,"column":9}},"26":{"start":{"line":99,"column":4},"end":{"line":101,"column":5}},"27":{"start":{"line":100,"column":6},"end":{"line":100,"column":59}},"28":{"start":{"line":103,"column":4},"end":{"line":103,"column":26}},"29":{"start":{"line":106,"column":2},"end":{"line":109,"column":3}},"30":{"start":{"line":107,"column":4},"end":{"line":107,"column":14}},"31":{"start":{"line":108,"column":4},"end":{"line":108,"column":16}},"32":{"start":{"line":111,"column":19},"end":{"line":113,"column":3}},"33":{"start":{"line":112,"column":4},"end":{"line":112,"column":39}},"34":{"start":{"line":115,"column":24},"end":{"line":159,"column":3}},"35":{"start":{"line":116,"column":20},"end":{"line":116,"column":41}},"36":{"start":{"line":117,"column":23},"end":{"line":117,"column":44}},"37":{"start":{"line":119,"column":4},"end":{"line":125,"column":7}},"38":{"start":{"line":120,"column":32},"end":{"line":120,"column":46}},"39":{"start":{"line":121,"column":6},"end":{"line":124,"column":8}},"40":{"start":{"line":127,"column":4},"end":{"line":127,"column":55}},"41":{"start":{"line":129,"column":19},"end":{"line":129,"column":46}},"42":{"start":{"line":131,"column":4},"end":{"line":137,"column":5}},"43":{"start":{"line":132,"column":6},"end":{"line":132,"column":32}},"44":{"start":{"line":133,"column":6},"end":{"line":133,"column":39}},"45":{"start":{"line":134,"column":11},"end":{"line":137,"column":5}},"46":{"start":{"line":135,"column":6},"end":{"line":135,"column":46}},"47":{"start":{"line":136,"column":6},"end":{"line":136,"column":39}},"48":{"start":{"line":139,"column":4},"end":{"line":145,"column":6}},"49":{"start":{"line":148,"column":4},"end":{"line":158,"column":5}},"50":{"start":{"line":149,"column":6},"end":{"line":157,"column":7}},"51":{"start":{"line":150,"column":8},"end":{"line":150,"column":61}},"52":{"start":{"line":152,"column":8},"end":{"line":156,"column":10}},"53":{"start":{"line":161,"column":17},"end":{"line":161,"column":55}},"54":{"start":{"line":162,"column":33},"end":{"line":164,"column":43}},"55":{"start":{"line":166,"column":4},"end":{"line":166,"column":66}},"56":{"start":{"line":168,"column":2},"end":{"line":198,"column":4}},"57":{"start":{"line":201,"column":0},"end":{"line":203,"column":2}},"58":{"start":{"line":206,"column":18},"end":{"line":219,"column":3}},"59":{"start":{"line":221,"column":16},"end":{"line":221,"column":46}},"60":{"start":{"line":223,"column":2},"end":{"line":303,"column":4}},"61":{"start":{"line":306,"column":0},"end":{"line":312,"column":2}},"62":{"start":{"line":315,"column":38},"end":{"line":315,"column":43}},"63":{"start":{"line":317,"column":2},"end":{"line":319,"column":3}},"64":{"start":{"line":318,"column":4},"end":{"line":318,"column":16}},"65":{"start":{"line":321,"column":20},"end":{"line":321,"column":74}},"66":{"start":{"line":323,"column":18},"end":{"line":351,"column":4}},"67":{"start":{"line":324,"column":23},"end":{"line":324,"column":28}},"68":{"start":{"line":325,"column":23},"end":{"line":325,"column":49}},"69":{"start":{"line":326,"column":19},"end":{"line":326,"column":46}},"70":{"start":{"line":329,"column":6},"end":{"line":341,"column":7}},"71":{"start":{"line":337,"column":25},"end":{"line":337,"column":42}},"72":{"start":{"line":343,"column":17},"end":{"line":343,"column":68}},"73":{"start":{"line":345,"column":4},"end":{"line":350,"column":6}},"74":{"start":{"line":353,"column":2},"end":{"line":360,"column":4}},"75":{"start":{"line":363,"column":0},"end":{"line":365,"column":2}},"76":{"start":{"line":367,"column":0},"end":{"line":380,"column":2}}},"fnMap":{"0":{"name":"(anonymous_0)","decl":{"start":{"line":23,"column":31},"end":{"line":23,"column":32}},"loc":{"start":{"line":23,"column":44},"end":{"line":57,"column":1}},"line":23},"1":{"name":"(anonymous_1)","decl":{"start":{"line":37,"column":23},"end":{"line":37,"column":24}},"loc":{"start":{"line":37,"column":33},"end":{"line":54,"column":3}},"line":37},"2":{"name":"(anonymous_2)","decl":{"start":{"line":59,"column":27},"end":{"line":59,"column":28}},"loc":{"start":{"line":59,"column":38},"end":{"line":61,"column":1}},"line":59},"3":{"name":"(anonymous_3)","decl":{"start":{"line":63,"column":29},"end":{"line":63,"column":30}},"loc":{"start":{"line":63,"column":40},"end":{"line":65,"column":1}},"line":63},"4":{"name":"(anonymous_4)","decl":{"start":{"line":67,"column":30},"end":{"line":67,"column":31}},"loc":{"start":{"line":67,"column":41},"end":{"line":69,"column":1}},"line":67},"5":{"name":"(anonymous_5)","decl":{"start":{"line":71,"column":21},"end":{"line":71,"column":22}},"loc":{"start":{"line":71,"column":41},"end":{"line":76,"column":1}},"line":71},"6":{"name":"TicTacToeGame","decl":{"start":{"line":78,"column":9},"end":{"line":78,"column":22}},"loc":{"start":{"line":78,"column":34},"end":{"line":199,"column":1}},"line":78},"7":{"name":"(anonymous_7)","decl":{"start":{"line":87,"column":18},"end":{"line":87,"column":19}},"loc":{"start":{"line":87,"column":24},"end":{"line":104,"column":3}},"line":87},"8":{"name":"(anonymous_8)","decl":{"start":{"line":111,"column":19},"end":{"line":111,"column":20}},"loc":{"start":{"line":111,"column":29},"end":{"line":113,"column":3}},"line":111},"9":{"name":"(anonymous_9)","decl":{"start":{"line":115,"column":24},"end":{"line":115,"column":25}},"loc":{"start":{"line":115,"column":38},"end":{"line":159,"column":3}},"line":115},"10":{"name":"(anonymous_10)","decl":{"start":{"line":119,"column":23},"end":{"line":119,"column":24}},"loc":{"start":{"line":119,"column":42},"end":{"line":125,"column":5}},"line":119},"11":{"name":"GameScoreCards","decl":{"start":{"line":205,"column":9},"end":{"line":205,"column":23}},"loc":{"start":{"line":205,"column":32},"end":{"line":304,"column":1}},"line":205},"12":{"name":"GameMoves","decl":{"start":{"line":314,"column":9},"end":{"line":314,"column":18}},"loc":{"start":{"line":314,"column":26},"end":{"line":361,"column":1}},"line":314},"13":{"name":"(anonymous_13)","decl":{"start":{"line":323,"column":28},"end":{"line":323,"column":29}},"loc":{"start":{"line":323,"column":45},"end":{"line":351,"column":3}},"line":323},"14":{"name":"(anonymous_14)","decl":{"start":{"line":337,"column":19},"end":{"line":337,"column":20}},"loc":{"start":{"line":337,"column":25},"end":{"line":337,"column":42}},"line":337}},"branchMap":{"0":{"loc":{"start":{"line":40,"column":4},"end":{"line":53,"column":5}},"type":"if","locations":[{"start":{"line":40,"column":4},"end":{"line":53,"column":5}},{"start":{"line":40,"column":4},"end":{"line":53,"column":5}}],"line":40},"1":{"loc":{"start":{"line":41,"column":6},"end":{"line":43,"column":45}},"type":"binary-expr","locations":[{"start":{"line":41,"column":6},"end":{"line":41,"column":23}},{"start":{"line":42,"column":6},"end":{"line":42,"column":45}},{"start":{"line":43,"column":6},"end":{"line":43,"column":45}}],"line":41},"2":{"loc":{"start":{"line":60,"column":9},"end":{"line":60,"column":50}},"type":"cond-expr","locations":[{"start":{"line":60,"column":30},"end":{"line":60,"column":31}},{"start":{"line":60,"column":34},"end":{"line":60,"column":50}}],"line":60},"3":{"loc":{"start":{"line":64,"column":9},"end":{"line":64,"column":49}},"type":"cond-expr","locations":[{"start":{"line":64,"column":40},"end":{"line":64,"column":43}},{"start":{"line":64,"column":46},"end":{"line":64,"column":49}}],"line":64},"4":{"loc":{"start":{"line":73,"column":4},"end":{"line":74,"column":62}},"type":"binary-expr","locations":[{"start":{"line":73,"column":4},"end":{"line":73,"column":44}},{"start":{"line":74,"column":4},"end":{"line":74,"column":62}}],"line":73},"5":{"loc":{"start":{"line":73,"column":28},"end":{"line":73,"column":43}},"type":"cond-expr","locations":[{"start":{"line":73,"column":38},"end":{"line":73,"column":39}},{"start":{"line":73,"column":42},"end":{"line":73,"column":43}}],"line":73},"6":{"loc":{"start":{"line":74,"column":20},"end":{"line":74,"column":52}},"type":"binary-expr","locations":[{"start":{"line":74,"column":20},"end":{"line":74,"column":27}},{"start":{"line":74,"column":31},"end":{"line":74,"column":52}}],"line":74},"7":{"loc":{"start":{"line":99,"column":4},"end":{"line":101,"column":5}},"type":"if","locations":[{"start":{"line":99,"column":4},"end":{"line":101,"column":5}},{"start":{"line":99,"column":4},"end":{"line":101,"column":5}}],"line":99},"8":{"loc":{"start":{"line":99,"column":8},"end":{"line":99,"column":38}},"type":"binary-expr","locations":[{"start":{"line":99,"column":8},"end":{"line":99,"column":24}},{"start":{"line":99,"column":28},"end":{"line":99,"column":38}}],"line":99},"9":{"loc":{"start":{"line":106,"column":2},"end":{"line":109,"column":3}},"type":"if","locations":[{"start":{"line":106,"column":2},"end":{"line":109,"column":3}},{"start":{"line":106,"column":2},"end":{"line":109,"column":3}}],"line":106},"10":{"loc":{"start":{"line":131,"column":4},"end":{"line":137,"column":5}},"type":"if","locations":[{"start":{"line":131,"column":4},"end":{"line":137,"column":5}},{"start":{"line":131,"column":4},"end":{"line":137,"column":5}}],"line":131},"11":{"loc":{"start":{"line":134,"column":11},"end":{"line":137,"column":5}},"type":"if","locations":[{"start":{"line":134,"column":11},"end":{"line":137,"column":5}},{"start":{"line":134,"column":11},"end":{"line":137,"column":5}}],"line":134},"12":{"loc":{"start":{"line":148,"column":4},"end":{"line":158,"column":5}},"type":"if","locations":[{"start":{"line":148,"column":4},"end":{"line":158,"column":5}},{"start":{"line":148,"column":4},"end":{"line":158,"column":5}}],"line":148},"13":{"loc":{"start":{"line":149,"column":6},"end":{"line":157,"column":7}},"type":"if","locations":[{"start":{"line":149,"column":6},"end":{"line":157,"column":7}},{"start":{"line":149,"column":6},"end":{"line":157,"column":7}}],"line":149},"14":{"loc":{"start":{"line":153,"column":10},"end":{"line":155,"column":50}},"type":"cond-expr","locations":[{"start":{"line":154,"column":14},"end":{"line":154,"column":54}},{"start":{"line":155,"column":14},"end":{"line":155,"column":50}}],"line":153},"15":{"loc":{"start":{"line":162,"column":33},"end":{"line":164,"column":43}},"type":"cond-expr","locations":[{"start":{"line":163,"column":6},"end":{"line":163,"column":23}},{"start":{"line":164,"column":6},"end":{"line":164,"column":43}}],"line":162},"16":{"loc":{"start":{"line":166,"column":4},"end":{"line":166,"column":66}},"type":"cond-expr","locations":[{"start":{"line":166,"column":22},"end":{"line":166,"column":41}},{"start":{"line":166,"column":44},"end":{"line":166,"column":66}}],"line":166},"17":{"loc":{"start":{"line":255,"column":21},"end":{"line":255,"column":47}},"type":"cond-expr","locations":[{"start":{"line":255,"column":29},"end":{"line":255,"column":43}},{"start":{"line":255,"column":46},"end":{"line":255,"column":47}}],"line":255},"18":{"loc":{"start":{"line":266,"column":21},"end":{"line":266,"column":47}},"type":"cond-expr","locations":[{"start":{"line":266,"column":29},"end":{"line":266,"column":43}},{"start":{"line":266,"column":46},"end":{"line":266,"column":47}}],"line":266},"19":{"loc":{"start":{"line":317,"column":2},"end":{"line":319,"column":3}},"type":"if","locations":[{"start":{"line":317,"column":2},"end":{"line":319,"column":3}},{"start":{"line":317,"column":2},"end":{"line":319,"column":3}}],"line":317},"20":{"loc":{"start":{"line":317,"column":6},"end":{"line":317,"column":43}},"type":"binary-expr","locations":[{"start":{"line":317,"column":6},"end":{"line":317,"column":25}},{"start":{"line":317,"column":29},"end":{"line":317,"column":43}}],"line":317},"21":{"loc":{"start":{"line":321,"column":20},"end":{"line":321,"column":74}},"type":"cond-expr","locations":[{"start":{"line":321,"column":37},"end":{"line":321,"column":54}},{"start":{"line":321,"column":57},"end":{"line":321,"column":74}}],"line":321},"22":{"loc":{"start":{"line":326,"column":19},"end":{"line":326,"column":46}},"type":"cond-expr","locations":[{"start":{"line":326,"column":37},"end":{"line":326,"column":40}},{"start":{"line":326,"column":43},"end":{"line":326,"column":46}}],"line":326},"23":{"loc":{"start":{"line":329,"column":6},"end":{"line":341,"column":7}},"type":"cond-expr","locations":[{"start":{"line":330,"column":8},"end":{"line":330,"column":17}},{"start":{"line":332,"column":8},"end":{"line":340,"column":17}}],"line":329},"24":{"loc":{"start":{"line":329,"column":6},"end":{"line":329,"column":26}},"type":"binary-expr","locations":[{"start":{"line":329,"column":6},"end":{"line":329,"column":16}},{"start":{"line":329,"column":20},"end":{"line":329,"column":26}}],"line":329},"25":{"loc":{"start":{"line":333,"column":19},"end":{"line":333,"column":51}},"type":"cond-expr","locations":[{"start":{"line":333,"column":27},"end":{"line":333,"column":37}},{"start":{"line":333,"column":40},"end":{"line":333,"column":51}}],"line":333},"26":{"loc":{"start":{"line":339,"column":11},"end":{"line":339,"column":45}},"type":"cond-expr","locations":[{"start":{"line":339,"column":19},"end":{"line":339,"column":25}},{"start":{"line":339,"column":28},"end":{"line":339,"column":45}}],"line":339},"27":{"loc":{"start":{"line":343,"column":17},"end":{"line":343,"column":68}},"type":"cond-expr","locations":[{"start":{"line":343,"column":30},"end":{"line":343,"column":32}},{"start":{"line":343,"column":35},"end":{"line":343,"column":68}}],"line":343}},"s":{"0":1,"1":3,"2":3,"3":3,"4":24,"5":24,"6":2,"7":2,"8":2,"9":2,"10":3,"11":1,"12":9,"13":1,"14":5,"15":1,"16":0,"17":1,"18":0,"19":0,"20":0,"21":0,"22":0,"23":0,"24":0,"25":0,"26":0,"27":0,"28":0,"29":0,"30":0,"31":0,"32":0,"33":0,"34":0,"35":0,"36":0,"37":0,"38":0,"39":0,"40":0,"41":0,"42":0,"43":0,"44":0,"45":0,"46":0,"47":0,"48":0,"49":0,"50":0,"51":0,"52":0,"53":0,"54":0,"55":0,"56":0,"57":1,"58":0,"59":0,"60":0,"61":1,"62":0,"63":0,"64":0,"65":0,"66":0,"67":0,"68":0,"69":0,"70":0,"71":0,"72":0,"73":0,"74":0,"75":1,"76":1},"f":{"0":3,"1":24,"2":9,"3":5,"4":0,"5":0,"6":0,"7":0,"8":0,"9":0,"10":0,"11":0,"12":0,"13":0,"14":0},"b":{"0":[2,22],"1":[24,18,2],"2":[2,7],"3":[3,2],"4":[0,0],"5":[0,0],"6":[0,0],"7":[0,0],"8":[0,0],"9":[0,0],"10":[0,0],"11":[0,0],"12":[0,0],"13":[0,0],"14":[0,0],"15":[0,0],"16":[0,0],"17":[0,0],"18":[0,0],"19":[0,0],"20":[0,0],"21":[0,0],"22":[0,0],"23":[0,0],"24":[0,0],"25":[0,0],"26":[0,0],"27":[0,0]},"_coverageSchema":"43e27e138ebf9cfc5966b082cf9a028302ed4184","hash":"2195bd55434dc99d7586a63f64cbbacca91122b8"}
,"/Users/rfranks/Developer/Code/tic-tac-react/src/components/Square/Square.js": {"path":"/Users/rfranks/Developer/Code/tic-tac-react/src/components/Square/Square.js","statementMap":{"0":{"start":{"line":15,"column":15},"end":{"line":44,"column":1}},"1":{"start":{"line":16,"column":18},"end":{"line":16,"column":71}},"2":{"start":{"line":18,"column":28},"end":{"line":37,"column":3}},"3":{"start":{"line":19,"column":4},"end":{"line":36,"column":5}},"4":{"start":{"line":22,"column":6},"end":{"line":24,"column":7}},"5":{"start":{"line":23,"column":8},"end":{"line":23,"column":29}},"6":{"start":{"line":26,"column":6},"end":{"line":26,"column":30}},"7":{"start":{"line":28,"column":6},"end":{"line":35,"column":7}},"8":{"start":{"line":29,"column":28},"end":{"line":29,"column":38}},"9":{"start":{"line":30,"column":8},"end":{"line":30,"column":36}},"10":{"start":{"line":32,"column":8},"end":{"line":34,"column":14}},"11":{"start":{"line":33,"column":10},"end":{"line":33,"column":35}},"12":{"start":{"line":39,"column":2},"end":{"line":43,"column":4}},"13":{"start":{"line":46,"column":0},"end":{"line":48,"column":2}},"14":{"start":{"line":50,"column":0},"end":{"line":55,"column":2}}},"fnMap":{"0":{"name":"(anonymous_0)","decl":{"start":{"line":15,"column":15},"end":{"line":15,"column":16}},"loc":{"start":{"line":15,"column":71},"end":{"line":44,"column":1}},"line":15},"1":{"name":"(anonymous_1)","decl":{"start":{"line":18,"column":28},"end":{"line":18,"column":29}},"loc":{"start":{"line":18,"column":37},"end":{"line":37,"column":3}},"line":18},"2":{"name":"updateClasses","decl":{"start":{"line":32,"column":28},"end":{"line":32,"column":41}},"loc":{"start":{"line":32,"column":44},"end":{"line":34,"column":9}},"line":32}},"branchMap":{"0":{"loc":{"start":{"line":15,"column":50},"end":{"line":15,"column":65}},"type":"default-arg","locations":[{"start":{"line":15,"column":60},"end":{"line":15,"column":65}}],"line":15},"1":{"loc":{"start":{"line":16,"column":29},"end":{"line":16,"column":60}},"type":"cond-expr","locations":[{"start":{"line":16,"column":39},"end":{"line":16,"column":55}},{"start":{"line":16,"column":58},"end":{"line":16,"column":60}}],"line":16},"2":{"loc":{"start":{"line":19,"column":4},"end":{"line":36,"column":5}},"type":"if","locations":[{"start":{"line":19,"column":4},"end":{"line":36,"column":5}},{"start":{"line":19,"column":4},"end":{"line":36,"column":5}}],"line":19},"3":{"loc":{"start":{"line":19,"column":8},"end":{"line":19,"column":47}},"type":"binary-expr","locations":[{"start":{"line":19,"column":8},"end":{"line":19,"column":28}},{"start":{"line":19,"column":32},"end":{"line":19,"column":47}}],"line":19},"4":{"loc":{"start":{"line":22,"column":6},"end":{"line":24,"column":7}},"type":"if","locations":[{"start":{"line":22,"column":6},"end":{"line":24,"column":7}},{"start":{"line":22,"column":6},"end":{"line":24,"column":7}}],"line":22},"5":{"loc":{"start":{"line":28,"column":6},"end":{"line":35,"column":7}},"type":"if","locations":[{"start":{"line":28,"column":6},"end":{"line":35,"column":7}},{"start":{"line":28,"column":6},"end":{"line":35,"column":7}}],"line":28}},"s":{"0":3,"1":12,"2":12,"3":12,"4":2,"5":2,"6":10,"7":10,"8":10,"9":10,"10":10,"11":0,"12":12,"13":3,"14":3},"f":{"0":12,"1":12,"2":0},"b":{"0":[0],"1":[1,11],"2":[2,10],"3":[12,12],"4":[2,0],"5":[10,0]},"_coverageSchema":"43e27e138ebf9cfc5966b082cf9a028302ed4184","hash":"c384cc38c32b88d7dd8bea2792c5bd080aa55f94"}
}
