TN:
SF:/Users/rfranks/Developer/Code/tic-tac-react/src/components/BarChart/BarChart.js
FN:11,(anonymous_0)
FN:19,(anonymous_1)
FN:24,(anonymous_2)
FN:29,(anonymous_3)
FN:56,(anonymous_4)
FN:57,(anonymous_5)
FN:59,callback
FNF:7
FNH:0
FNDA:0,(anonymous_0)
FNDA:0,(anonymous_1)
FNDA:0,(anonymous_2)
FNDA:0,(anonymous_3)
FNDA:0,(anonymous_4)
FNDA:0,(anonymous_5)
FNDA:0,callback
DA:11,1
DA:12,0
DA:14,0
DA:15,0
DA:16,0
DA:17,0
DA:19,0
DA:20,0
DA:21,0
DA:24,0
DA:26,0
DA:28,0
DA:29,0
DA:34,0
DA:39,0
DA:40,0
DA:50,0
DA:56,0
DA:57,0
DA:60,0
DA:64,0
DA:65,0
DA:71,0
DA:72,0
DA:91,0
DA:102,1
DA:108,1
LF:27
LH:3
BRDA:20,0,0,0
BRDA:20,0,1,0
BRDA:20,1,0,0
BRDA:20,1,1,0
BRDA:39,2,0,0
BRDA:39,2,1,0
BRF:6
BRH:0
end_of_record
TN:
SF:/Users/rfranks/Developer/Code/tic-tac-react/src/components/Board/Board.js
FN:8,(anonymous_0)
FN:17,(anonymous_1)
FN:26,(anonymous_2)
FN:31,(anonymous_3)
FNF:4
FNH:4
FNDA:1,(anonymous_0)
FNDA:9,(anonymous_1)
FNDA:3,(anonymous_2)
FNDA:9,(anonymous_3)
DA:8,2
DA:9,1
DA:11,1
DA:17,1
DA:19,9
DA:20,9
DA:24,1
DA:27,3
DA:29,3
DA:32,9
DA:34,9
DA:36,9
DA:53,2
LF:13
LH:13
BRDA:19,0,0,9
BRDA:19,0,1,0
BRDA:34,1,0,9
BRDA:34,1,1,9
BRF:4
BRH:3
end_of_record
TN:
SF:/Users/rfranks/Developer/Code/tic-tac-react/src/components/Game/Game.js
FN:23,(anonymous_0)
FN:37,(anonymous_1)
FN:59,(anonymous_2)
FN:63,(anonymous_3)
FN:67,(anonymous_4)
FN:71,(anonymous_5)
FN:78,TicTacToeGame
FN:87,(anonymous_7)
FN:111,(anonymous_8)
FN:115,(anonymous_9)
FN:119,(anonymous_10)
FN:205,GameScoreCards
FN:314,GameMoves
FN:323,(anonymous_13)
FN:337,(anonymous_14)
FNF:15
FNH:4
FNDA:3,(anonymous_0)
FNDA:24,(anonymous_1)
FNDA:9,(anonymous_2)
FNDA:5,(anonymous_3)
FNDA:0,(anonymous_4)
FNDA:0,(anonymous_5)
FNDA:0,TicTacToeGame
FNDA:0,(anonymous_7)
FNDA:0,(anonymous_8)
FNDA:0,(anonymous_9)
FNDA:0,(anonymous_10)
FNDA:0,GameScoreCards
FNDA:0,GameMoves
FNDA:0,(anonymous_13)
FNDA:0,(anonymous_14)
DA:23,1
DA:24,3
DA:26,3
DA:37,3
DA:38,24
DA:40,24
DA:46,2
DA:48,2
DA:50,2
DA:52,2
DA:56,3
DA:59,1
DA:60,9
DA:63,1
DA:64,5
DA:67,1
DA:68,0
DA:71,1
DA:72,0
DA:79,0
DA:81,0
DA:87,0
DA:88,0
DA:92,0
DA:93,0
DA:99,0
DA:100,0
DA:103,0
DA:106,0
DA:107,0
DA:108,0
DA:111,0
DA:112,0
DA:115,0
DA:116,0
DA:117,0
DA:119,0
DA:120,0
DA:121,0
DA:127,0
DA:129,0
DA:131,0
DA:132,0
DA:133,0
DA:134,0
DA:135,0
DA:136,0
DA:139,0
DA:148,0
DA:149,0
DA:150,0
DA:152,0
DA:161,0
DA:162,0
DA:166,0
DA:168,0
DA:201,1
DA:206,0
DA:221,0
DA:223,0
DA:306,1
DA:315,0
DA:317,0
DA:318,0
DA:321,0
DA:323,0
DA:324,0
DA:325,0
DA:326,0
DA:329,0
DA:337,0
DA:343,0
DA:345,0
DA:353,0
DA:363,1
DA:367,1
LF:76
LH:21
BRDA:40,0,0,2
BRDA:40,0,1,22
BRDA:41,1,0,24
BRDA:41,1,1,18
BRDA:41,1,2,2
BRDA:60,2,0,2
BRDA:60,2,1,7
BRDA:64,3,0,3
BRDA:64,3,1,2
BRDA:73,4,0,0
BRDA:73,4,1,0
BRDA:73,5,0,0
BRDA:73,5,1,0
BRDA:74,6,0,0
BRDA:74,6,1,0
BRDA:99,7,0,0
BRDA:99,7,1,0
BRDA:99,8,0,0
BRDA:99,8,1,0
BRDA:106,9,0,0
BRDA:106,9,1,0
BRDA:131,10,0,0
BRDA:131,10,1,0
BRDA:134,11,0,0
BRDA:134,11,1,0
BRDA:148,12,0,0
BRDA:148,12,1,0
BRDA:149,13,0,0
BRDA:149,13,1,0
BRDA:153,14,0,0
BRDA:153,14,1,0
BRDA:162,15,0,0
BRDA:162,15,1,0
BRDA:166,16,0,0
BRDA:166,16,1,0
BRDA:255,17,0,0
BRDA:255,17,1,0
BRDA:266,18,0,0
BRDA:266,18,1,0
BRDA:317,19,0,0
BRDA:317,19,1,0
BRDA:317,20,0,0
BRDA:317,20,1,0
BRDA:321,21,0,0
BRDA:321,21,1,0
BRDA:326,22,0,0
BRDA:326,22,1,0
BRDA:329,23,0,0
BRDA:329,23,1,0
BRDA:329,24,0,0
BRDA:329,24,1,0
BRDA:333,25,0,0
BRDA:333,25,1,0
BRDA:339,26,0,0
BRDA:339,26,1,0
BRDA:343,27,0,0
BRDA:343,27,1,0
BRF:57
BRH:9
end_of_record
TN:
SF:/Users/rfranks/Developer/Code/tic-tac-react/src/components/Square/Square.js
FN:15,(anonymous_0)
FN:18,(anonymous_1)
FN:32,updateClasses
FNF:3
FNH:2
FNDA:12,(anonymous_0)
FNDA:12,(anonymous_1)
FNDA:0,updateClasses
DA:15,3
DA:16,12
DA:18,12
DA:19,12
DA:22,2
DA:23,2
DA:26,10
DA:28,10
DA:29,10
DA:30,10
DA:32,10
DA:33,0
DA:39,12
DA:46,3
DA:50,3
LF:15
LH:14
BRDA:15,0,0,0
BRDA:16,1,0,1
BRDA:16,1,1,11
BRDA:19,2,0,2
BRDA:19,2,1,10
BRDA:19,3,0,12
BRDA:19,3,1,12
BRDA:22,4,0,2
BRDA:22,4,1,0
BRDA:28,5,0,10
BRDA:28,5,1,0
BRF:11
BRH:8
end_of_record
